<?xml version="1.0" encoding="UTF-8"?>
<coverage generated="1705444603121" clover="3.2.0">
  <project timestamp="1705444603121" name="All files">
    <metrics statements="35" coveredstatements="29" conditionals="8" coveredconditionals="5" methods="13" coveredmethods="8" elements="56" coveredelements="42" complexity="0" loc="35" ncloc="35" packages="1" files="3" classes="3"/>
    <file name="App.tsx" path="C:\Users\ethan\Desktop\shopify-application\eng-intern-assessment-react\src\App.tsx">
      <metrics statements="33" coveredstatements="27" conditionals="8" coveredconditionals="5" methods="11" coveredmethods="6"/>
      <line num="9" count="12" type="stmt"/>
      <line num="10" count="12" type="stmt"/>
      <line num="11" count="12" type="stmt"/>
      <line num="12" count="12" type="stmt"/>
      <line num="14" count="12" type="stmt"/>
      <line num="17" count="8" type="cond" truecount="2" falsecount="0"/>
      <line num="18" count="65" type="stmt"/>
      <line num="19" count="4" type="stmt"/>
      <line num="21" count="4" type="stmt"/>
      <line num="23" count="8" type="stmt"/>
      <line num="26" count="12" type="stmt"/>
      <line num="27" count="12" type="stmt"/>
      <line num="28" count="12" type="stmt"/>
      <line num="29" count="12" type="stmt"/>
      <line num="30" count="12" type="stmt"/>
      <line num="31" count="12" type="stmt"/>
      <line num="32" count="12" type="stmt"/>
      <line num="35" count="12" type="stmt"/>
      <line num="36" count="0" type="stmt"/>
      <line num="39" count="12" type="stmt"/>
      <line num="40" count="3" type="stmt"/>
      <line num="43" count="12" type="stmt"/>
      <line num="44" count="0" type="stmt"/>
      <line num="45" count="0" type="stmt"/>
      <line num="46" count="0" type="stmt"/>
      <line num="49" count="12" type="stmt"/>
      <line num="50" count="0" type="stmt"/>
      <line num="53" count="12" type="stmt"/>
      <line num="56" count="12" type="stmt"/>
      <line num="59" count="12" type="stmt"/>
      <line num="62" count="12" type="stmt"/>
      <line num="66" count="12" type="stmt"/>
      <line num="85" count="0" type="stmt"/>
    </file>
    <file name="StopWatch.tsx" path="C:\Users\ethan\Desktop\shopify-application\eng-intern-assessment-react\src\StopWatch.tsx">
      <metrics statements="1" coveredstatements="1" conditionals="0" coveredconditionals="0" methods="1" coveredmethods="1"/>
      <line num="9" count="11" type="stmt"/>
    </file>
    <file name="StopWatchButton.tsx" path="C:\Users\ethan\Desktop\shopify-application\eng-intern-assessment-react\src\StopWatchButton.tsx">
      <metrics statements="1" coveredstatements="1" conditionals="0" coveredconditionals="0" methods="1" coveredmethods="1"/>
      <line num="9" count="29" type="stmt"/>
    </file>
  </project>
</coverage>
