<?xml version="1.0" encoding="UTF-8"?>
<coverage generated="1706380233733" clover="3.2.0">
  <project timestamp="1706380233733" name="All files">
    <metrics statements="33" coveredstatements="0" conditionals="4" coveredconditionals="0" methods="10" coveredmethods="0" elements="47" coveredelements="0" complexity="0" loc="33" ncloc="33" packages="1" files="2" classes="2"/>
    <file name="StopWatch.tsx" path="C:\Users\Kylew.DESKTOP-Q3QTV5P.000\OneDrive\Desktop\eng-intern-assessment-react\src\StopWatch.tsx">
      <metrics statements="31" coveredstatements="0" conditionals="4" coveredconditionals="0" methods="8" coveredmethods="0"/>
      <line num="5" count="0" type="stmt"/>
      <line num="6" count="0" type="stmt"/>
      <line num="7" count="0" type="stmt"/>
      <line num="8" count="0" type="stmt"/>
      <line num="9" count="0" type="stmt"/>
      <line num="11" count="0" type="stmt"/>
      <line num="12" count="0" type="stmt"/>
      <line num="13" count="0" type="stmt"/>
      <line num="14" count="0" type="cond" truecount="0" falsecount="2"/>
      <line num="15" count="0" type="stmt"/>
      <line num="16" count="0" type="stmt"/>
      <line num="17" count="0" type="stmt"/>
      <line num="18" count="0" type="stmt"/>
      <line num="20" count="0" type="stmt"/>
      <line num="22" count="0" type="stmt"/>
      <line num="26" count="0" type="stmt"/>
      <line num="27" count="0" type="stmt"/>
      <line num="31" count="0" type="stmt"/>
      <line num="32" count="0" type="stmt"/>
      <line num="33" count="0" type="stmt"/>
      <line num="35" count="0" type="stmt"/>
      <line num="41" count="0" type="stmt"/>
      <line num="42" count="0" type="stmt"/>
      <line num="43" count="0" type="stmt"/>
      <line num="44" count="0" type="stmt"/>
      <line num="47" count="0" type="stmt"/>
      <line num="48" count="0" type="stmt"/>
      <line num="51" count="0" type="stmt"/>
      <line num="52" count="0" type="stmt"/>
      <line num="54" count="0" type="stmt"/>
      <line num="71" count="0" type="stmt"/>
    </file>
    <file name="StopWatchButton.tsx" path="C:\Users\Kylew.DESKTOP-Q3QTV5P.000\OneDrive\Desktop\eng-intern-assessment-react\src\StopWatchButton.tsx">
      <metrics statements="2" coveredstatements="0" conditionals="0" coveredconditionals="0" methods="2" coveredmethods="0"/>
      <line num="12" count="0" type="stmt"/>
      <line num="15" count="0" type="stmt"/>
    </file>
  </project>
</coverage>
