{"C:\\Users\\ethan\\Desktop\\shopify-application\\eng-intern-assessment-react\\src\\App.tsx": {"path":"C:\\Users\\ethan\\Desktop\\shopify-application\\eng-intern-assessment-react\\src\\App.tsx","statementMap":{"0":{"start":{"line":9,"column":43},"end":{"line":9,"column":68}},"1":{"start":{"line":10,"column":25},"end":{"line":10,"column":44}},"2":{"start":{"line":11,"column":28},"end":{"line":11,"column":52}},"3":{"start":{"line":12,"column":25},"end":{"line":12,"column":47}},"4":{"start":{"line":14,"column":1},"end":{"line":24,"column":22}},"5":{"start":{"line":17,"column":2},"end":{"line":22,"column":3}},"6":{"start":{"line":18,"column":3},"end":{"line":18,"column":54}},"7":{"start":{"line":18,"column":31},"end":{"line":18,"column":48}},"8":{"start":{"line":19,"column":3},"end":{"line":19,"column":27}},"9":{"start":{"line":21,"column":3},"end":{"line":21,"column":28}},"10":{"start":{"line":23,"column":2},"end":{"line":23,"column":38}},"11":{"start":{"line":23,"column":15},"end":{"line":23,"column":37}},"12":{"start":{"line":26,"column":18},"end":{"line":33,"column":2}},"13":{"start":{"line":27,"column":16},"end":{"line":27,"column":41}},"14":{"start":{"line":28,"column":18},"end":{"line":28,"column":52}},"15":{"start":{"line":29,"column":18},"end":{"line":29,"column":49}},"16":{"start":{"line":30,"column":23},"end":{"line":30,"column":33}},"17":{"start":{"line":31,"column":22},"end":{"line":31,"column":172}},"18":{"start":{"line":32,"column":2},"end":{"line":32,"column":21}},"19":{"start":{"line":35,"column":18},"end":{"line":37,"column":2}},"20":{"start":{"line":36,"column":2},"end":{"line":36,"column":31}},"21":{"start":{"line":39,"column":19},"end":{"line":41,"column":2}},"22":{"start":{"line":40,"column":2},"end":{"line":40,"column":19}},"23":{"start":{"line":43,"column":15},"end":{"line":47,"column":2}},"24":{"start":{"line":44,"column":2},"end":{"line":44,"column":15}},"25":{"start":{"line":45,"column":2},"end":{"line":45,"column":13}},"26":{"start":{"line":46,"column":2},"end":{"line":46,"column":14}},"27":{"start":{"line":49,"column":16},"end":{"line":51,"column":2}},"28":{"start":{"line":50,"column":2},"end":{"line":50,"column":44}},"29":{"start":{"line":50,"column":24},"end":{"line":50,"column":43}},"30":{"start":{"line":53,"column":20},"end":{"line":55,"column":2}},"31":{"start":{"line":56,"column":20},"end":{"line":58,"column":2}},"32":{"start":{"line":59,"column":20},"end":{"line":61,"column":2}},"33":{"start":{"line":62,"column":18},"end":{"line":64,"column":2}},"34":{"start":{"line":66,"column":4},"end":{"line":94,"column":5}},"35":{"start":{"line":85,"column":9},"end":{"line":87,"column":14}}},"fnMap":{"0":{"name":"App","decl":{"start":{"line":7,"column":24},"end":{"line":7,"column":27}},"loc":{"start":{"line":7,"column":30},"end":{"line":95,"column":1}},"line":7},"1":{"name":"(anonymous_1)","decl":{"start":{"line":14,"column":11},"end":{"line":14,"column":12}},"loc":{"start":{"line":14,"column":17},"end":{"line":24,"column":2}},"line":14},"2":{"name":"(anonymous_2)","decl":{"start":{"line":18,"column":25},"end":{"line":18,"column":26}},"loc":{"start":{"line":18,"column":31},"end":{"line":18,"column":48}},"line":18},"3":{"name":"(anonymous_3)","decl":{"start":{"line":23,"column":9},"end":{"line":23,"column":10}},"loc":{"start":{"line":23,"column":15},"end":{"line":23,"column":37}},"line":23},"4":{"name":"(anonymous_4)","decl":{"start":{"line":26,"column":18},"end":{"line":26,"column":19}},"loc":{"start":{"line":26,"column":33},"end":{"line":33,"column":2}},"line":26},"5":{"name":"(anonymous_5)","decl":{"start":{"line":35,"column":18},"end":{"line":35,"column":19}},"loc":{"start":{"line":35,"column":52},"end":{"line":37,"column":2}},"line":35},"6":{"name":"(anonymous_6)","decl":{"start":{"line":39,"column":19},"end":{"line":39,"column":20}},"loc":{"start":{"line":39,"column":25},"end":{"line":41,"column":2}},"line":39},"7":{"name":"(anonymous_7)","decl":{"start":{"line":43,"column":15},"end":{"line":43,"column":16}},"loc":{"start":{"line":43,"column":21},"end":{"line":47,"column":2}},"line":43},"8":{"name":"(anonymous_8)","decl":{"start":{"line":49,"column":16},"end":{"line":49,"column":17}},"loc":{"start":{"line":49,"column":22},"end":{"line":51,"column":2}},"line":49},"9":{"name":"(anonymous_9)","decl":{"start":{"line":50,"column":10},"end":{"line":50,"column":11}},"loc":{"start":{"line":50,"column":24},"end":{"line":50,"column":43}},"line":50},"10":{"name":"(anonymous_10)","decl":{"start":{"line":84,"column":18},"end":{"line":84,"column":19}},"loc":{"start":{"line":85,"column":9},"end":{"line":87,"column":14}},"line":85}},"branchMap":{"0":{"loc":{"start":{"line":17,"column":2},"end":{"line":22,"column":3}},"type":"if","locations":[{"start":{"line":17,"column":2},"end":{"line":22,"column":3}},{"start":{"line":20,"column":7},"end":{"line":22,"column":3}}],"line":17},"1":{"loc":{"start":{"line":74,"column":6},"end":{"line":76,"column":10}},"type":"cond-expr","locations":[{"start":{"line":75,"column":5},"end":{"line":75,"column":54}},{"start":{"line":76,"column":5},"end":{"line":76,"column":10}}],"line":74},"2":{"loc":{"start":{"line":82,"column":7},"end":{"line":90,"column":7}},"type":"binary-expr","locations":[{"start":{"line":82,"column":7},"end":{"line":82,"column":22}},{"start":{"line":83,"column":7},"end":{"line":89,"column":12}}],"line":82},"3":{"loc":{"start":{"line":86,"column":40},"end":{"line":86,"column":71}},"type":"cond-expr","locations":[{"start":{"line":86,"column":56},"end":{"line":86,"column":69}},{"start":{"line":86,"column":70},"end":{"line":86,"column":71}}],"line":86}},"s":{"0":12,"1":12,"2":12,"3":12,"4":12,"5":8,"6":4,"7":65,"8":4,"9":4,"10":8,"11":8,"12":12,"13":12,"14":12,"15":12,"16":12,"17":12,"18":12,"19":12,"20":0,"21":12,"22":3,"23":12,"24":0,"25":0,"26":0,"27":12,"28":0,"29":0,"30":12,"31":12,"32":12,"33":12,"34":12,"35":0},"f":{"0":12,"1":8,"2":65,"3":8,"4":12,"5":0,"6":3,"7":0,"8":0,"9":0,"10":0},"b":{"0":[4,4],"1":[8,4],"2":[12,0],"3":[0,0]},"_coverageSchema":"1a1c01bbd47fc00a2c39e90264f33305004495a9","hash":"7fde4d603333a5039ff2aa77196daf34cf428927"}
,"C:\\Users\\ethan\\Desktop\\shopify-application\\eng-intern-assessment-react\\src\\StopWatch.tsx": {"path":"C:\\Users\\ethan\\Desktop\\shopify-application\\eng-intern-assessment-react\\src\\StopWatch.tsx","statementMap":{"0":{"start":{"line":9,"column":1},"end":{"line":13,"column":5}}},"fnMap":{"0":{"name":"StopWatch","decl":{"start":{"line":8,"column":24},"end":{"line":8,"column":33}},"loc":{"start":{"line":8,"column":73},"end":{"line":14,"column":1}},"line":8}},"branchMap":{},"s":{"0":11},"f":{"0":11},"b":{},"_coverageSchema":"1a1c01bbd47fc00a2c39e90264f33305004495a9","hash":"3849ef668dd7dace796ec82e817d281d28df226b"}
,"C:\\Users\\ethan\\Desktop\\shopify-application\\eng-intern-assessment-react\\src\\StopWatchButton.tsx": {"path":"C:\\Users\\ethan\\Desktop\\shopify-application\\eng-intern-assessment-react\\src\\StopWatchButton.tsx","statementMap":{"0":{"start":{"line":9,"column":4},"end":{"line":13,"column":5}}},"fnMap":{"0":{"name":"StopWatchButton","decl":{"start":{"line":8,"column":24},"end":{"line":8,"column":39}},"loc":{"start":{"line":8,"column":94},"end":{"line":14,"column":1}},"line":8}},"branchMap":{},"s":{"0":29},"f":{"0":29},"b":{},"_coverageSchema":"1a1c01bbd47fc00a2c39e90264f33305004495a9","hash":"821a3f03d034fdc3f65b06d899b43f1811753894"}
}
