{"C:\\Users\\Kylew.DESKTOP-Q3QTV5P.000\\OneDrive\\Desktop\\eng-intern-assessment-react\\src\\StopWatch.tsx": {"path":"C:\\Users\\Kylew.DESKTOP-Q3QTV5P.000\\OneDrive\\Desktop\\eng-intern-assessment-react\\src\\StopWatch.tsx","statementMap":{"0":{"start":{"line":5,"column":36},"end":{"line":5,"column":55}},"1":{"start":{"line":6,"column":36},"end":{"line":6,"column":60}},"2":{"start":{"line":7,"column":38},"end":{"line":7,"column":73}},"3":{"start":{"line":8,"column":26},"end":{"line":8,"column":48}},"4":{"start":{"line":9,"column":23},"end":{"line":9,"column":25}},"5":{"start":{"line":11,"column":26},"end":{"line":24,"column":3}},"6":{"start":{"line":12,"column":4},"end":{"line":12,"column":29}},"7":{"start":{"line":13,"column":27},"end":{"line":13,"column":37}},"8":{"start":{"line":14,"column":4},"end":{"line":23,"column":5}},"9":{"start":{"line":15,"column":30},"end":{"line":19,"column":22}},"10":{"start":{"line":16,"column":26},"end":{"line":16,"column":36}},"11":{"start":{"line":17,"column":28},"end":{"line":17,"column":54}},"12":{"start":{"line":18,"column":8},"end":{"line":18,"column":46}},"13":{"start":{"line":20,"column":6},"end":{"line":20,"column":37}},"14":{"start":{"line":22,"column":6},"end":{"line":22,"column":32}},"15":{"start":{"line":26,"column":21},"end":{"line":28,"column":3}},"16":{"start":{"line":27,"column":4},"end":{"line":27,"column":60}},"17":{"start":{"line":31,"column":23},"end":{"line":31,"column":39}},"18":{"start":{"line":32,"column":18},"end":{"line":32,"column":53}},"19":{"start":{"line":33,"column":18},"end":{"line":33,"column":60}},"20":{"start":{"line":35,"column":22},"end":{"line":39,"column":3}},"21":{"start":{"line":41,"column":22},"end":{"line":45,"column":3}},"22":{"start":{"line":42,"column":4},"end":{"line":42,"column":20}},"23":{"start":{"line":43,"column":4},"end":{"line":43,"column":30}},"24":{"start":{"line":44,"column":4},"end":{"line":44,"column":24}},"25":{"start":{"line":47,"column":21},"end":{"line":49,"column":3}},"26":{"start":{"line":48,"column":4},"end":{"line":48,"column":36}},"27":{"start":{"line":51,"column":26},"end":{"line":53,"column":3}},"28":{"start":{"line":52,"column":4},"end":{"line":52,"column":16}},"29":{"start":{"line":54,"column":2},"end":{"line":76,"column":4}},"30":{"start":{"line":71,"column":12},"end":{"line":71,"column":38}}},"fnMap":{"0":{"name":"StopWatch","decl":{"start":{"line":4,"column":24},"end":{"line":4,"column":33}},"loc":{"start":{"line":4,"column":36},"end":{"line":77,"column":1}},"line":4},"1":{"name":"(anonymous_1)","decl":{"start":{"line":11,"column":26},"end":{"line":11,"column":27}},"loc":{"start":{"line":11,"column":32},"end":{"line":24,"column":3}},"line":11},"2":{"name":"(anonymous_2)","decl":{"start":{"line":15,"column":42},"end":{"line":15,"column":43}},"loc":{"start":{"line":15,"column":48},"end":{"line":19,"column":7}},"line":15},"3":{"name":"(anonymous_3)","decl":{"start":{"line":26,"column":21},"end":{"line":26,"column":22}},"loc":{"start":{"line":26,"column":51},"end":{"line":28,"column":3}},"line":26},"4":{"name":"(anonymous_4)","decl":{"start":{"line":41,"column":22},"end":{"line":41,"column":23}},"loc":{"start":{"line":41,"column":28},"end":{"line":45,"column":3}},"line":41},"5":{"name":"(anonymous_5)","decl":{"start":{"line":47,"column":21},"end":{"line":47,"column":22}},"loc":{"start":{"line":47,"column":27},"end":{"line":49,"column":3}},"line":47},"6":{"name":"(anonymous_6)","decl":{"start":{"line":51,"column":26},"end":{"line":51,"column":27}},"loc":{"start":{"line":51,"column":32},"end":{"line":53,"column":3}},"line":51},"7":{"name":"(anonymous_7)","decl":{"start":{"line":70,"column":20},"end":{"line":70,"column":21}},"loc":{"start":{"line":71,"column":12},"end":{"line":71,"column":38}},"line":71}},"branchMap":{"0":{"loc":{"start":{"line":14,"column":4},"end":{"line":23,"column":5}},"type":"if","locations":[{"start":{"line":14,"column":4},"end":{"line":23,"column":5}},{"start":{"line":21,"column":11},"end":{"line":23,"column":5}}],"line":14},"1":{"loc":{"start":{"line":58,"column":17},"end":{"line":58,"column":46}},"type":"cond-expr","locations":[{"start":{"line":58,"column":29},"end":{"line":58,"column":36}},{"start":{"line":58,"column":39},"end":{"line":58,"column":46}}],"line":58}},"s":{"0":0,"1":0,"2":0,"3":0,"4":0,"5":0,"6":0,"7":0,"8":0,"9":0,"10":0,"11":0,"12":0,"13":0,"14":0,"15":0,"16":0,"17":0,"18":0,"19":0,"20":0,"21":0,"22":0,"23":0,"24":0,"25":0,"26":0,"27":0,"28":0,"29":0,"30":0},"f":{"0":0,"1":0,"2":0,"3":0,"4":0,"5":0,"6":0,"7":0},"b":{"0":[0,0],"1":[0,0]},"_coverageSchema":"1a1c01bbd47fc00a2c39e90264f33305004495a9","hash":"6a3f6193665468496e29ec93ec34ee7d73985ac2"}
,"C:\\Users\\Kylew.DESKTOP-Q3QTV5P.000\\OneDrive\\Desktop\\eng-intern-assessment-react\\src\\StopWatchButton.tsx": {"path":"C:\\Users\\Kylew.DESKTOP-Q3QTV5P.000\\OneDrive\\Desktop\\eng-intern-assessment-react\\src\\StopWatchButton.tsx","statementMap":{"0":{"start":{"line":12,"column":2},"end":{"line":17,"column":4}},"1":{"start":{"line":15,"column":21},"end":{"line":15,"column":34}}},"fnMap":{"0":{"name":"StopWatchButton","decl":{"start":{"line":8,"column":24},"end":{"line":8,"column":39}},"loc":{"start":{"line":11,"column":25},"end":{"line":18,"column":1}},"line":11},"1":{"name":"(anonymous_1)","decl":{"start":{"line":15,"column":15},"end":{"line":15,"column":16}},"loc":{"start":{"line":15,"column":21},"end":{"line":15,"column":34}},"line":15}},"branchMap":{},"s":{"0":0,"1":0},"f":{"0":0,"1":0},"b":{},"_coverageSchema":"1a1c01bbd47fc00a2c39e90264f33305004495a9","hash":"a94f6267e5302f642b922a67fee165ac7cd9ee6c"}
}
