TN:
SF:src\StopWatch.tsx
FN:4,StopWatch
FN:11,(anonymous_1)
FN:15,(anonymous_2)
FN:26,(anonymous_3)
FN:41,(anonymous_4)
FN:47,(anonymous_5)
FN:51,(anonymous_6)
FN:70,(anonymous_7)
FNF:8
FNH:0
FNDA:0,StopWatch
FNDA:0,(anonymous_1)
FNDA:0,(anonymous_2)
FNDA:0,(anonymous_3)
FNDA:0,(anonymous_4)
FNDA:0,(anonymous_5)
FNDA:0,(anonymous_6)
FNDA:0,(anonymous_7)
DA:5,0
DA:6,0
DA:7,0
DA:8,0
DA:9,0
DA:11,0
DA:12,0
DA:13,0
DA:14,0
DA:15,0
DA:16,0
DA:17,0
DA:18,0
DA:20,0
DA:22,0
DA:26,0
DA:27,0
DA:31,0
DA:32,0
DA:33,0
DA:35,0
DA:41,0
DA:42,0
DA:43,0
DA:44,0
DA:47,0
DA:48,0
DA:51,0
DA:52,0
DA:54,0
DA:71,0
LF:31
LH:0
BRDA:14,0,0,0
BRDA:14,0,1,0
BRDA:58,1,0,0
BRDA:58,1,1,0
BRF:4
BRH:0
end_of_record
TN:
SF:src\StopWatchButton.tsx
FN:8,StopWatchButton
FN:15,(anonymous_1)
FNF:2
FNH:0
FNDA:0,StopWatchButton
FNDA:0,(anonymous_1)
DA:12,0
DA:15,0
LF:2
LH:0
BRF:0
BRH:0
end_of_record
