TN:
SF:src\App.tsx
FN:7,App
FN:14,(anonymous_1)
FN:18,(anonymous_2)
FN:23,(anonymous_3)
FN:26,(anonymous_4)
FN:35,(anonymous_5)
FN:39,(anonymous_6)
FN:43,(anonymous_7)
FN:49,(anonymous_8)
FN:50,(anonymous_9)
FN:84,(anonymous_10)
FNF:11
FNH:6
FNDA:12,App
FNDA:8,(anonymous_1)
FNDA:65,(anonymous_2)
FNDA:8,(anonymous_3)
FNDA:12,(anonymous_4)
FNDA:0,(anonymous_5)
FNDA:3,(anonymous_6)
FNDA:0,(anonymous_7)
FNDA:0,(anonymous_8)
FNDA:0,(anonymous_9)
FNDA:0,(anonymous_10)
DA:9,12
DA:10,12
DA:11,12
DA:12,12
DA:14,12
DA:17,8
DA:18,65
DA:19,4
DA:21,4
DA:23,8
DA:26,12
DA:27,12
DA:28,12
DA:29,12
DA:30,12
DA:31,12
DA:32,12
DA:35,12
DA:36,0
DA:39,12
DA:40,3
DA:43,12
DA:44,0
DA:45,0
DA:46,0
DA:49,12
DA:50,0
DA:53,12
DA:56,12
DA:59,12
DA:62,12
DA:66,12
DA:85,0
LF:33
LH:27
BRDA:17,0,0,4
BRDA:17,0,1,4
BRDA:74,1,0,8
BRDA:74,1,1,4
BRDA:82,2,0,12
BRDA:82,2,1,0
BRDA:86,3,0,0
BRDA:86,3,1,0
BRF:8
BRH:5
end_of_record
TN:
SF:src\StopWatch.tsx
FN:8,StopWatch
FNF:1
FNH:1
FNDA:11,StopWatch
DA:9,11
LF:1
LH:1
BRF:0
BRH:0
end_of_record
TN:
SF:src\StopWatchButton.tsx
FN:8,StopWatchButton
FNF:1
FNH:1
FNDA:29,StopWatchButton
DA:9,29
LF:1
LH:1
BRF:0
BRH:0
end_of_record
